<?xml version="1.0" encoding="UTF-8"?>
<!-- Generated by org.testng.reporters.JUnitReportReporter -->
<testsuite hostname="DESKTOP-798I0VJ" failures="0" tests="1" name="test1.CalculadoraTNG" time="4.178" errors="0" timestamp="2022-12-23T22:43:50 CST" skipped="0">
  <testcase classname="test1.CalculadoraTNG" name="testSum" time="4.178"/>
  <system-out/>
</testsuite> <!-- test1.CalculadoraTNG -->
